[05-Apr-2014 10:16:29 UTC] PHP Warning:  Invalid argument supplied for foreach() in /Users/Stayyef/Dropbox/_websites_/lebanese_blogs/classes/Render.class.php on line 31
[05-Apr-2014 10:16:29 UTC] PHP Stack trace:
[05-Apr-2014 10:16:29 UTC] PHP   1. {main}() /Users/Stayyef/Dropbox/_websites_/lebanese_blogs/contr_search.php:0
[05-Apr-2014 10:16:29 UTC] PHP   2. Render::drawCards() /Users/Stayyef/Dropbox/_websites_/lebanese_blogs/contr_search.php:27
[05-Apr-2014 10:23:28 UTC] PHP Warning:  Invalid argument supplied for foreach() in /Users/Stayyef/Dropbox/_websites_/lebanese_blogs/classes/Render.class.php on line 31
[05-Apr-2014 10:23:28 UTC] PHP Stack trace:
[05-Apr-2014 10:23:28 UTC] PHP   1. {main}() /Users/Stayyef/Dropbox/_websites_/lebanese_blogs/contr_search.php:0
[05-Apr-2014 10:23:28 UTC] PHP   2. Render::drawCards() /Users/Stayyef/Dropbox/_websites_/lebanese_blogs/contr_search.php:27
[05-Apr-2014 10:26:48 Africa/Accra] PHP Warning:  Invalid argument supplied for foreach() in /Users/Stayyef/Dropbox/_websites_/lebanese_blogs/classes/Render.class.php on line 31
[05-Apr-2014 10:26:48 Africa/Accra] PHP Stack trace:
[05-Apr-2014 10:26:48 Africa/Accra] PHP   1. {main}() /Users/Stayyef/Dropbox/_websites_/lebanese_blogs/contr_search.php:0
[05-Apr-2014 10:26:48 Africa/Accra] PHP   2. Render::drawCards() /Users/Stayyef/Dropbox/_websites_/lebanese_blogs/contr_search.php:27
[05-Apr-2014 10:28:23 Africa/Accra] PHP Warning:  Invalid argument supplied for foreach() in /Users/Stayyef/Dropbox/_websites_/lebanese_blogs/classes/Render.class.php on line 31
[05-Apr-2014 10:28:23 Africa/Accra] PHP Stack trace:
[05-Apr-2014 10:28:23 Africa/Accra] PHP   1. {main}() /Users/Stayyef/Dropbox/_websites_/lebanese_blogs/contr_search.php:0
[05-Apr-2014 10:28:23 Africa/Accra] PHP   2. Render::drawCards() /Users/Stayyef/Dropbox/_websites_/lebanese_blogs/contr_search.php:27
[05-Apr-2014 10:29:04 Africa/Accra] PHP Warning:  Invalid argument supplied for foreach() in /Users/Stayyef/Dropbox/_websites_/lebanese_blogs/classes/Render.class.php on line 31
[05-Apr-2014 10:29:04 Africa/Accra] PHP Stack trace:
[05-Apr-2014 10:29:04 Africa/Accra] PHP   1. {main}() /Users/Stayyef/Dropbox/_websites_/lebanese_blogs/contr_search.php:0
[05-Apr-2014 10:29:04 Africa/Accra] PHP   2. Render::drawCards() /Users/Stayyef/Dropbox/_websites_/lebanese_blogs/contr_search.php:27
[05-Apr-2014 10:33:11 Africa/Accra] PHP Warning:  Invalid argument supplied for foreach() in /Users/Stayyef/Dropbox/_websites_/lebanese_blogs/classes/Render.class.php on line 31
[05-Apr-2014 10:33:11 Africa/Accra] PHP Stack trace:
[05-Apr-2014 10:33:11 Africa/Accra] PHP   1. {main}() /Users/Stayyef/Dropbox/_websites_/lebanese_blogs/contr_search.php:0
[05-Apr-2014 10:33:11 Africa/Accra] PHP   2. Render::drawCards() /Users/Stayyef/Dropbox/_websites_/lebanese_blogs/contr_search.php:27
[05-Apr-2014 10:34:09 Africa/Accra] PHP Warning:  Invalid argument supplied for foreach() in /Users/Stayyef/Dropbox/_websites_/lebanese_blogs/classes/Render.class.php on line 31
[05-Apr-2014 10:34:09 Africa/Accra] PHP Stack trace:
[05-Apr-2014 10:34:09 Africa/Accra] PHP   1. {main}() /Users/Stayyef/Dropbox/_websites_/lebanese_blogs/contr_search.php:0
[05-Apr-2014 10:34:09 Africa/Accra] PHP   2. Render::drawCards() /Users/Stayyef/Dropbox/_websites_/lebanese_blogs/contr_search.php:28
[05-Apr-2014 10:37:30 Africa/Accra] PHP Notice:  Undefined offset: 0 in /Users/Stayyef/Dropbox/_websites_/lebanese_blogs/classes/BloggerDetails.class.php on line 44
[05-Apr-2014 10:37:30 Africa/Accra] PHP Stack trace:
[05-Apr-2014 10:37:30 Africa/Accra] PHP   1. {main}() /Users/Stayyef/Dropbox/_websites_/lebanese_blogs/contr_search.php:0
[05-Apr-2014 10:37:30 Africa/Accra] PHP   2. Render::drawFeaturedBlogger() /Users/Stayyef/Dropbox/_websites_/lebanese_blogs/contr_search.php:17
[05-Apr-2014 10:37:30 Africa/Accra] PHP   3. BloggerDetails->__construct() /Users/Stayyef/Dropbox/_websites_/lebanese_blogs/classes/Render.class.php:369
[05-Apr-2014 10:37:30 Africa/Accra] PHP   4. BloggerDetails->getBloggerDetails() /Users/Stayyef/Dropbox/_websites_/lebanese_blogs/classes/BloggerDetails.class.php:17
[05-Apr-2014 10:37:30 Africa/Accra] PHP Notice:  Trying to get property of non-object in /Users/Stayyef/Dropbox/_websites_/lebanese_blogs/classes/BloggerDetails.class.php on line 44
[05-Apr-2014 10:37:30 Africa/Accra] PHP Stack trace:
[05-Apr-2014 10:37:30 Africa/Accra] PHP   1. {main}() /Users/Stayyef/Dropbox/_websites_/lebanese_blogs/contr_search.php:0
[05-Apr-2014 10:37:30 Africa/Accra] PHP   2. Render::drawFeaturedBlogger() /Users/Stayyef/Dropbox/_websites_/lebanese_blogs/contr_search.php:17
[05-Apr-2014 10:37:30 Africa/Accra] PHP   3. BloggerDetails->__construct() /Users/Stayyef/Dropbox/_websites_/lebanese_blogs/classes/Render.class.php:369
[05-Apr-2014 10:37:30 Africa/Accra] PHP   4. BloggerDetails->getBloggerDetails() /Users/Stayyef/Dropbox/_websites_/lebanese_blogs/classes/BloggerDetails.class.php:17
[05-Apr-2014 10:37:30 Africa/Accra] PHP Notice:  Undefined offset: 0 in /Users/Stayyef/Dropbox/_websites_/lebanese_blogs/classes/BloggerDetails.class.php on line 45
[05-Apr-2014 10:37:30 Africa/Accra] PHP Stack trace:
[05-Apr-2014 10:37:30 Africa/Accra] PHP   1. {main}() /Users/Stayyef/Dropbox/_websites_/lebanese_blogs/contr_search.php:0
[05-Apr-2014 10:37:30 Africa/Accra] PHP   2. Render::drawFeaturedBlogger() /Users/Stayyef/Dropbox/_websites_/lebanese_blogs/contr_search.php:17
[05-Apr-2014 10:37:30 Africa/Accra] PHP   3. BloggerDetails->__construct() /Users/Stayyef/Dropbox/_websites_/lebanese_blogs/classes/Render.class.php:369
[05-Apr-2014 10:37:30 Africa/Accra] PHP   4. BloggerDetails->getBloggerDetails() /Users/Stayyef/Dropbox/_websites_/lebanese_blogs/classes/BloggerDetails.class.php:17
[05-Apr-2014 10:37:30 Africa/Accra] PHP Notice:  Trying to get property of non-object in /Users/Stayyef/Dropbox/_websites_/lebanese_blogs/classes/BloggerDetails.class.php on line 45
[05-Apr-2014 10:37:30 Africa/Accra] PHP Stack trace:
[05-Apr-2014 10:37:30 Africa/Accra] PHP   1. {main}() /Users/Stayyef/Dropbox/_websites_/lebanese_blogs/contr_search.php:0
[05-Apr-2014 10:37:30 Africa/Accra] PHP   2. Render::drawFeaturedBlogger() /Users/Stayyef/Dropbox/_websites_/lebanese_blogs/contr_search.php:17
[05-Apr-2014 10:37:30 Africa/Accra] PHP   3. BloggerDetails->__construct() /Users/Stayyef/Dropbox/_websites_/lebanese_blogs/classes/Render.class.php:369
[05-Apr-2014 10:37:30 Africa/Accra] PHP   4. BloggerDetails->getBloggerDetails() /Users/Stayyef/Dropbox/_websites_/lebanese_blogs/classes/BloggerDetails.class.php:17
[05-Apr-2014 10:37:30 Africa/Accra] PHP Notice:  Undefined offset: 0 in /Users/Stayyef/Dropbox/_websites_/lebanese_blogs/classes/BloggerDetails.class.php on line 46
[05-Apr-2014 10:37:30 Africa/Accra] PHP Stack trace:
[05-Apr-2014 10:37:30 Africa/Accra] PHP   1. {main}() /Users/Stayyef/Dropbox/_websites_/lebanese_blogs/contr_search.php:0
[05-Apr-2014 10:37:30 Africa/Accra] PHP   2. Render::drawFeaturedBlogger() /Users/Stayyef/Dropbox/_websites_/lebanese_blogs/contr_search.php:17
[05-Apr-2014 10:37:30 Africa/Accra] PHP   3. BloggerDetails->__construct() /Users/Stayyef/Dropbox/_websites_/lebanese_blogs/classes/Render.class.php:369
[05-Apr-2014 10:37:30 Africa/Accra] PHP   4. BloggerDetails->getBloggerDetails() /Users/Stayyef/Dropbox/_websites_/lebanese_blogs/classes/BloggerDetails.class.php:17
[05-Apr-2014 10:37:30 Africa/Accra] PHP Notice:  Trying to get property of non-object in /Users/Stayyef/Dropbox/_websites_/lebanese_blogs/classes/BloggerDetails.class.php on line 46
[05-Apr-2014 10:37:30 Africa/Accra] PHP Stack trace:
[05-Apr-2014 10:37:30 Africa/Accra] PHP   1. {main}() /Users/Stayyef/Dropbox/_websites_/lebanese_blogs/contr_search.php:0
[05-Apr-2014 10:37:30 Africa/Accra] PHP   2. Render::drawFeaturedBlogger() /Users/Stayyef/Dropbox/_websites_/lebanese_blogs/contr_search.php:17
[05-Apr-2014 10:37:30 Africa/Accra] PHP   3. BloggerDetails->__construct() /Users/Stayyef/Dropbox/_websites_/lebanese_blogs/classes/Render.class.php:369
[05-Apr-2014 10:37:30 Africa/Accra] PHP   4. BloggerDetails->getBloggerDetails() /Users/Stayyef/Dropbox/_websites_/lebanese_blogs/classes/BloggerDetails.class.php:17
[05-Apr-2014 10:37:30 Africa/Accra] PHP Notice:  Undefined offset: 0 in /Users/Stayyef/Dropbox/_websites_/lebanese_blogs/classes/BloggerDetails.class.php on line 47
[05-Apr-2014 10:37:30 Africa/Accra] PHP Stack trace:
[05-Apr-2014 10:37:30 Africa/Accra] PHP   1. {main}() /Users/Stayyef/Dropbox/_websites_/lebanese_blogs/contr_search.php:0
[05-Apr-2014 10:37:30 Africa/Accra] PHP   2. Render::drawFeaturedBlogger() /Users/Stayyef/Dropbox/_websites_/lebanese_blogs/contr_search.php:17
[05-Apr-2014 10:37:30 Africa/Accra] PHP   3. BloggerDetails->__construct() /Users/Stayyef/Dropbox/_websites_/lebanese_blogs/classes/Render.class.php:369
[05-Apr-2014 10:37:30 Africa/Accra] PHP   4. BloggerDetails->getBloggerDetails() /Users/Stayyef/Dropbox/_websites_/lebanese_blogs/classes/BloggerDetails.class.php:17
[05-Apr-2014 10:37:30 Africa/Accra] PHP Notice:  Trying to get property of non-object in /Users/Stayyef/Dropbox/_websites_/lebanese_blogs/classes/BloggerDetails.class.php on line 47
[05-Apr-2014 10:37:30 Africa/Accra] PHP Stack trace:
[05-Apr-2014 10:37:30 Africa/Accra] PHP   1. {main}() /Users/Stayyef/Dropbox/_websites_/lebanese_blogs/contr_search.php:0
[05-Apr-2014 10:37:30 Africa/Accra] PHP   2. Render::drawFeaturedBlogger() /Users/Stayyef/Dropbox/_websites_/lebanese_blogs/contr_search.php:17
[05-Apr-2014 10:37:30 Africa/Accra] PHP   3. BloggerDetails->__construct() /Users/Stayyef/Dropbox/_websites_/lebanese_blogs/classes/Render.class.php:369
[05-Apr-2014 10:37:30 Africa/Accra] PHP   4. BloggerDetails->getBloggerDetails() /Users/Stayyef/Dropbox/_websites_/lebanese_blogs/classes/BloggerDetails.class.php:17
[05-Apr-2014 10:37:30 Africa/Accra] PHP Notice:  Undefined offset: 0 in /Users/Stayyef/Dropbox/_websites_/lebanese_blogs/classes/BloggerDetails.class.php on line 48
[05-Apr-2014 10:37:30 Africa/Accra] PHP Stack trace:
[05-Apr-2014 10:37:30 Africa/Accra] PHP   1. {main}() /Users/Stayyef/Dropbox/_websites_/lebanese_blogs/contr_search.php:0
[05-Apr-2014 10:37:30 Africa/Accra] PHP   2. Render::drawFeaturedBlogger() /Users/Stayyef/Dropbox/_websites_/lebanese_blogs/contr_search.php:17
[05-Apr-2014 10:37:30 Africa/Accra] PHP   3. BloggerDetails->__construct() /Users/Stayyef/Dropbox/_websites_/lebanese_blogs/classes/Render.class.php:369
[05-Apr-2014 10:37:30 Africa/Accra] PHP   4. BloggerDetails->getBloggerDetails() /Users/Stayyef/Dropbox/_websites_/lebanese_blogs/classes/BloggerDetails.class.php:17
[05-Apr-2014 10:37:30 Africa/Accra] PHP Notice:  Trying to get property of non-object in /Users/Stayyef/Dropbox/_websites_/lebanese_blogs/classes/BloggerDetails.class.php on line 48
[05-Apr-2014 10:37:30 Africa/Accra] PHP Stack trace:
[05-Apr-2014 10:37:30 Africa/Accra] PHP   1. {main}() /Users/Stayyef/Dropbox/_websites_/lebanese_blogs/contr_search.php:0
[05-Apr-2014 10:37:30 Africa/Accra] PHP   2. Render::drawFeaturedBlogger() /Users/Stayyef/Dropbox/_websites_/lebanese_blogs/contr_search.php:17
[05-Apr-2014 10:37:30 Africa/Accra] PHP   3. BloggerDetails->__construct() /Users/Stayyef/Dropbox/_websites_/lebanese_blogs/classes/Render.class.php:369
[05-Apr-2014 10:37:30 Africa/Accra] PHP   4. BloggerDetails->getBloggerDetails() /Users/Stayyef/Dropbox/_websites_/lebanese_blogs/classes/BloggerDetails.class.php:17
[05-Apr-2014 10:38:01 Africa/Accra] PHP Notice:  Undefined offset: 0 in /Users/Stayyef/Dropbox/_websites_/lebanese_blogs/classes/BloggerDetails.class.php on line 44
[05-Apr-2014 10:38:01 Africa/Accra] PHP Stack trace:
[05-Apr-2014 10:38:01 Africa/Accra] PHP   1. {main}() /Users/Stayyef/Dropbox/_websites_/lebanese_blogs/contr_search.php:0
[05-Apr-2014 10:38:01 Africa/Accra] PHP   2. Render::drawFeaturedBlogger() /Users/Stayyef/Dropbox/_websites_/lebanese_blogs/contr_search.php:17
[05-Apr-2014 10:38:01 Africa/Accra] PHP   3. BloggerDetails->__construct() /Users/Stayyef/Dropbox/_websites_/lebanese_blogs/classes/Render.class.php:369
[05-Apr-2014 10:38:01 Africa/Accra] PHP   4. BloggerDetails->getBloggerDetails() /Users/Stayyef/Dropbox/_websites_/lebanese_blogs/classes/BloggerDetails.class.php:17
[05-Apr-2014 10:38:01 Africa/Accra] PHP Notice:  Trying to get property of non-object in /Users/Stayyef/Dropbox/_websites_/lebanese_blogs/classes/BloggerDetails.class.php on line 44
[05-Apr-2014 10:38:01 Africa/Accra] PHP Stack trace:
[05-Apr-2014 10:38:01 Africa/Accra] PHP   1. {main}() /Users/Stayyef/Dropbox/_websites_/lebanese_blogs/contr_search.php:0
[05-Apr-2014 10:38:01 Africa/Accra] PHP   2. Render::drawFeaturedBlogger() /Users/Stayyef/Dropbox/_websites_/lebanese_blogs/contr_search.php:17
[05-Apr-2014 10:38:01 Africa/Accra] PHP   3. BloggerDetails->__construct() /Users/Stayyef/Dropbox/_websites_/lebanese_blogs/classes/Render.class.php:369
[05-Apr-2014 10:38:01 Africa/Accra] PHP   4. BloggerDetails->getBloggerDetails() /Users/Stayyef/Dropbox/_websites_/lebanese_blogs/classes/BloggerDetails.class.php:17
[05-Apr-2014 10:38:01 Africa/Accra] PHP Notice:  Undefined offset: 0 in /Users/Stayyef/Dropbox/_websites_/lebanese_blogs/classes/BloggerDetails.class.php on line 45
[05-Apr-2014 10:38:01 Africa/Accra] PHP Stack trace:
[05-Apr-2014 10:38:01 Africa/Accra] PHP   1. {main}() /Users/Stayyef/Dropbox/_websites_/lebanese_blogs/contr_search.php:0
[05-Apr-2014 10:38:01 Africa/Accra] PHP   2. Render::drawFeaturedBlogger() /Users/Stayyef/Dropbox/_websites_/lebanese_blogs/contr_search.php:17
[05-Apr-2014 10:38:01 Africa/Accra] PHP   3. BloggerDetails->__construct() /Users/Stayyef/Dropbox/_websites_/lebanese_blogs/classes/Render.class.php:369
[05-Apr-2014 10:38:01 Africa/Accra] PHP   4. BloggerDetails->getBloggerDetails() /Users/Stayyef/Dropbox/_websites_/lebanese_blogs/classes/BloggerDetails.class.php:17
[05-Apr-2014 10:38:01 Africa/Accra] PHP Notice:  Trying to get property of non-object in /Users/Stayyef/Dropbox/_websites_/lebanese_blogs/classes/BloggerDetails.class.php on line 45
[05-Apr-2014 10:38:01 Africa/Accra] PHP Stack trace:
[05-Apr-2014 10:38:01 Africa/Accra] PHP   1. {main}() /Users/Stayyef/Dropbox/_websites_/lebanese_blogs/contr_search.php:0
[05-Apr-2014 10:38:01 Africa/Accra] PHP   2. Render::drawFeaturedBlogger() /Users/Stayyef/Dropbox/_websites_/lebanese_blogs/contr_search.php:17
[05-Apr-2014 10:38:01 Africa/Accra] PHP   3. BloggerDetails->__construct() /Users/Stayyef/Dropbox/_websites_/lebanese_blogs/classes/Render.class.php:369
[05-Apr-2014 10:38:01 Africa/Accra] PHP   4. BloggerDetails->getBloggerDetails() /Users/Stayyef/Dropbox/_websites_/lebanese_blogs/classes/BloggerDetails.class.php:17
[05-Apr-2014 10:38:01 Africa/Accra] PHP Notice:  Undefined offset: 0 in /Users/Stayyef/Dropbox/_websites_/lebanese_blogs/classes/BloggerDetails.class.php on line 46
[05-Apr-2014 10:38:01 Africa/Accra] PHP Stack trace:
[05-Apr-2014 10:38:01 Africa/Accra] PHP   1. {main}() /Users/Stayyef/Dropbox/_websites_/lebanese_blogs/contr_search.php:0
[05-Apr-2014 10:38:01 Africa/Accra] PHP   2. Render::drawFeaturedBlogger() /Users/Stayyef/Dropbox/_websites_/lebanese_blogs/contr_search.php:17
[05-Apr-2014 10:38:01 Africa/Accra] PHP   3. BloggerDetails->__construct() /Users/Stayyef/Dropbox/_websites_/lebanese_blogs/classes/Render.class.php:369
[05-Apr-2014 10:38:01 Africa/Accra] PHP   4. BloggerDetails->getBloggerDetails() /Users/Stayyef/Dropbox/_websites_/lebanese_blogs/classes/BloggerDetails.class.php:17
[05-Apr-2014 10:38:01 Africa/Accra] PHP Notice:  Trying to get property of non-object in /Users/Stayyef/Dropbox/_websites_/lebanese_blogs/classes/BloggerDetails.class.php on line 46
[05-Apr-2014 10:38:01 Africa/Accra] PHP Stack trace:
[05-Apr-2014 10:38:01 Africa/Accra] PHP   1. {main}() /Users/Stayyef/Dropbox/_websites_/lebanese_blogs/contr_search.php:0
[05-Apr-2014 10:38:01 Africa/Accra] PHP   2. Render::drawFeaturedBlogger() /Users/Stayyef/Dropbox/_websites_/lebanese_blogs/contr_search.php:17
[05-Apr-2014 10:38:01 Africa/Accra] PHP   3. BloggerDetails->__construct() /Users/Stayyef/Dropbox/_websites_/lebanese_blogs/classes/Render.class.php:369
[05-Apr-2014 10:38:01 Africa/Accra] PHP   4. BloggerDetails->getBloggerDetails() /Users/Stayyef/Dropbox/_websites_/lebanese_blogs/classes/BloggerDetails.class.php:17
[05-Apr-2014 10:38:01 Africa/Accra] PHP Notice:  Undefined offset: 0 in /Users/Stayyef/Dropbox/_websites_/lebanese_blogs/classes/BloggerDetails.class.php on line 47
[05-Apr-2014 10:38:01 Africa/Accra] PHP Stack trace:
[05-Apr-2014 10:38:01 Africa/Accra] PHP   1. {main}() /Users/Stayyef/Dropbox/_websites_/lebanese_blogs/contr_search.php:0
[05-Apr-2014 10:38:01 Africa/Accra] PHP   2. Render::drawFeaturedBlogger() /Users/Stayyef/Dropbox/_websites_/lebanese_blogs/contr_search.php:17
[05-Apr-2014 10:38:01 Africa/Accra] PHP   3. BloggerDetails->__construct() /Users/Stayyef/Dropbox/_websites_/lebanese_blogs/classes/Render.class.php:369
[05-Apr-2014 10:38:01 Africa/Accra] PHP   4. BloggerDetails->getBloggerDetails() /Users/Stayyef/Dropbox/_websites_/lebanese_blogs/classes/BloggerDetails.class.php:17
[05-Apr-2014 10:38:01 Africa/Accra] PHP Notice:  Trying to get property of non-object in /Users/Stayyef/Dropbox/_websites_/lebanese_blogs/classes/BloggerDetails.class.php on line 47
[05-Apr-2014 10:38:01 Africa/Accra] PHP Stack trace:
[05-Apr-2014 10:38:01 Africa/Accra] PHP   1. {main}() /Users/Stayyef/Dropbox/_websites_/lebanese_blogs/contr_search.php:0
[05-Apr-2014 10:38:01 Africa/Accra] PHP   2. Render::drawFeaturedBlogger() /Users/Stayyef/Dropbox/_websites_/lebanese_blogs/contr_search.php:17
[05-Apr-2014 10:38:01 Africa/Accra] PHP   3. BloggerDetails->__construct() /Users/Stayyef/Dropbox/_websites_/lebanese_blogs/classes/Render.class.php:369
[05-Apr-2014 10:38:01 Africa/Accra] PHP   4. BloggerDetails->getBloggerDetails() /Users/Stayyef/Dropbox/_websites_/lebanese_blogs/classes/BloggerDetails.class.php:17
[05-Apr-2014 10:38:01 Africa/Accra] PHP Notice:  Undefined offset: 0 in /Users/Stayyef/Dropbox/_websites_/lebanese_blogs/classes/BloggerDetails.class.php on line 48
[05-Apr-2014 10:38:01 Africa/Accra] PHP Stack trace:
[05-Apr-2014 10:38:01 Africa/Accra] PHP   1. {main}() /Users/Stayyef/Dropbox/_websites_/lebanese_blogs/contr_search.php:0
[05-Apr-2014 10:38:01 Africa/Accra] PHP   2. Render::drawFeaturedBlogger() /Users/Stayyef/Dropbox/_websites_/lebanese_blogs/contr_search.php:17
[05-Apr-2014 10:38:01 Africa/Accra] PHP   3. BloggerDetails->__construct() /Users/Stayyef/Dropbox/_websites_/lebanese_blogs/classes/Render.class.php:369
[05-Apr-2014 10:38:01 Africa/Accra] PHP   4. BloggerDetails->getBloggerDetails() /Users/Stayyef/Dropbox/_websites_/lebanese_blogs/classes/BloggerDetails.class.php:17
[05-Apr-2014 10:38:01 Africa/Accra] PHP Notice:  Trying to get property of non-object in /Users/Stayyef/Dropbox/_websites_/lebanese_blogs/classes/BloggerDetails.class.php on line 48
[05-Apr-2014 10:38:01 Africa/Accra] PHP Stack trace:
[05-Apr-2014 10:38:01 Africa/Accra] PHP   1. {main}() /Users/Stayyef/Dropbox/_websites_/lebanese_blogs/contr_search.php:0
[05-Apr-2014 10:38:01 Africa/Accra] PHP   2. Render::drawFeaturedBlogger() /Users/Stayyef/Dropbox/_websites_/lebanese_blogs/contr_search.php:17
[05-Apr-2014 10:38:01 Africa/Accra] PHP   3. BloggerDetails->__construct() /Users/Stayyef/Dropbox/_websites_/lebanese_blogs/classes/Render.class.php:369
[05-Apr-2014 10:38:01 Africa/Accra] PHP   4. BloggerDetails->getBloggerDetails() /Users/Stayyef/Dropbox/_websites_/lebanese_blogs/classes/BloggerDetails.class.php:17
[05-Apr-2014 10:41:17 Africa/Accra] PHP Notice:  Undefined offset: 0 in /Users/Stayyef/Dropbox/_websites_/lebanese_blogs/classes/BloggerDetails.class.php on line 44
[05-Apr-2014 10:41:17 Africa/Accra] PHP Stack trace:
[05-Apr-2014 10:41:17 Africa/Accra] PHP   1. {main}() /Users/Stayyef/Dropbox/_websites_/lebanese_blogs/contr_search.php:0
[05-Apr-2014 10:41:17 Africa/Accra] PHP   2. Render::drawFeaturedBlogger() /Users/Stayyef/Dropbox/_websites_/lebanese_blogs/contr_search.php:17
[05-Apr-2014 10:41:17 Africa/Accra] PHP   3. BloggerDetails->__construct() /Users/Stayyef/Dropbox/_websites_/lebanese_blogs/classes/Render.class.php:369
[05-Apr-2014 10:41:17 Africa/Accra] PHP   4. BloggerDetails->getBloggerDetails() /Users/Stayyef/Dropbox/_websites_/lebanese_blogs/classes/BloggerDetails.class.php:17
[05-Apr-2014 10:41:17 Africa/Accra] PHP Notice:  Trying to get property of non-object in /Users/Stayyef/Dropbox/_websites_/lebanese_blogs/classes/BloggerDetails.class.php on line 44
[05-Apr-2014 10:41:17 Africa/Accra] PHP Stack trace:
[05-Apr-2014 10:41:17 Africa/Accra] PHP   1. {main}() /Users/Stayyef/Dropbox/_websites_/lebanese_blogs/contr_search.php:0
[05-Apr-2014 10:41:17 Africa/Accra] PHP   2. Render::drawFeaturedBlogger() /Users/Stayyef/Dropbox/_websites_/lebanese_blogs/contr_search.php:17
[05-Apr-2014 10:41:17 Africa/Accra] PHP   3. BloggerDetails->__construct() /Users/Stayyef/Dropbox/_websites_/lebanese_blogs/classes/Render.class.php:369
[05-Apr-2014 10:41:17 Africa/Accra] PHP   4. BloggerDetails->getBloggerDetails() /Users/Stayyef/Dropbox/_websites_/lebanese_blogs/classes/BloggerDetails.class.php:17
[05-Apr-2014 10:41:17 Africa/Accra] PHP Notice:  Undefined offset: 0 in /Users/Stayyef/Dropbox/_websites_/lebanese_blogs/classes/BloggerDetails.class.php on line 45
[05-Apr-2014 10:41:17 Africa/Accra] PHP Stack trace:
[05-Apr-2014 10:41:17 Africa/Accra] PHP   1. {main}() /Users/Stayyef/Dropbox/_websites_/lebanese_blogs/contr_search.php:0
[05-Apr-2014 10:41:17 Africa/Accra] PHP   2. Render::drawFeaturedBlogger() /Users/Stayyef/Dropbox/_websites_/lebanese_blogs/contr_search.php:17
[05-Apr-2014 10:41:17 Africa/Accra] PHP   3. BloggerDetails->__construct() /Users/Stayyef/Dropbox/_websites_/lebanese_blogs/classes/Render.class.php:369
[05-Apr-2014 10:41:17 Africa/Accra] PHP   4. BloggerDetails->getBloggerDetails() /Users/Stayyef/Dropbox/_websites_/lebanese_blogs/classes/BloggerDetails.class.php:17
[05-Apr-2014 10:41:17 Africa/Accra] PHP Notice:  Trying to get property of non-object in /Users/Stayyef/Dropbox/_websites_/lebanese_blogs/classes/BloggerDetails.class.php on line 45
[05-Apr-2014 10:41:17 Africa/Accra] PHP Stack trace:
[05-Apr-2014 10:41:17 Africa/Accra] PHP   1. {main}() /Users/Stayyef/Dropbox/_websites_/lebanese_blogs/contr_search.php:0
[05-Apr-2014 10:41:17 Africa/Accra] PHP   2. Render::drawFeaturedBlogger() /Users/Stayyef/Dropbox/_websites_/lebanese_blogs/contr_search.php:17
[05-Apr-2014 10:41:17 Africa/Accra] PHP   3. BloggerDetails->__construct() /Users/Stayyef/Dropbox/_websites_/lebanese_blogs/classes/Render.class.php:369
[05-Apr-2014 10:41:17 Africa/Accra] PHP   4. BloggerDetails->getBloggerDetails() /Users/Stayyef/Dropbox/_websites_/lebanese_blogs/classes/BloggerDetails.class.php:17
[05-Apr-2014 10:41:17 Africa/Accra] PHP Notice:  Undefined offset: 0 in /Users/Stayyef/Dropbox/_websites_/lebanese_blogs/classes/BloggerDetails.class.php on line 46
[05-Apr-2014 10:41:17 Africa/Accra] PHP Stack trace:
[05-Apr-2014 10:41:17 Africa/Accra] PHP   1. {main}() /Users/Stayyef/Dropbox/_websites_/lebanese_blogs/contr_search.php:0
[05-Apr-2014 10:41:17 Africa/Accra] PHP   2. Render::drawFeaturedBlogger() /Users/Stayyef/Dropbox/_websites_/lebanese_blogs/contr_search.php:17
[05-Apr-2014 10:41:17 Africa/Accra] PHP   3. BloggerDetails->__construct() /Users/Stayyef/Dropbox/_websites_/lebanese_blogs/classes/Render.class.php:369
[05-Apr-2014 10:41:17 Africa/Accra] PHP   4. BloggerDetails->getBloggerDetails() /Users/Stayyef/Dropbox/_websites_/lebanese_blogs/classes/BloggerDetails.class.php:17
[05-Apr-2014 10:41:17 Africa/Accra] PHP Notice:  Trying to get property of non-object in /Users/Stayyef/Dropbox/_websites_/lebanese_blogs/classes/BloggerDetails.class.php on line 46
[05-Apr-2014 10:41:17 Africa/Accra] PHP Stack trace:
[05-Apr-2014 10:41:17 Africa/Accra] PHP   1. {main}() /Users/Stayyef/Dropbox/_websites_/lebanese_blogs/contr_search.php:0
[05-Apr-2014 10:41:17 Africa/Accra] PHP   2. Render::drawFeaturedBlogger() /Users/Stayyef/Dropbox/_websites_/lebanese_blogs/contr_search.php:17
[05-Apr-2014 10:41:17 Africa/Accra] PHP   3. BloggerDetails->__construct() /Users/Stayyef/Dropbox/_websites_/lebanese_blogs/classes/Render.class.php:369
[05-Apr-2014 10:41:17 Africa/Accra] PHP   4. BloggerDetails->getBloggerDetails() /Users/Stayyef/Dropbox/_websites_/lebanese_blogs/classes/BloggerDetails.class.php:17
[05-Apr-2014 10:41:17 Africa/Accra] PHP Notice:  Undefined offset: 0 in /Users/Stayyef/Dropbox/_websites_/lebanese_blogs/classes/BloggerDetails.class.php on line 47
[05-Apr-2014 10:41:17 Africa/Accra] PHP Stack trace:
[05-Apr-2014 10:41:17 Africa/Accra] PHP   1. {main}() /Users/Stayyef/Dropbox/_websites_/lebanese_blogs/contr_search.php:0
[05-Apr-2014 10:41:17 Africa/Accra] PHP   2. Render::drawFeaturedBlogger() /Users/Stayyef/Dropbox/_websites_/lebanese_blogs/contr_search.php:17
[05-Apr-2014 10:41:17 Africa/Accra] PHP   3. BloggerDetails->__construct() /Users/Stayyef/Dropbox/_websites_/lebanese_blogs/classes/Render.class.php:369
[05-Apr-2014 10:41:17 Africa/Accra] PHP   4. BloggerDetails->getBloggerDetails() /Users/Stayyef/Dropbox/_websites_/lebanese_blogs/classes/BloggerDetails.class.php:17
[05-Apr-2014 10:41:17 Africa/Accra] PHP Notice:  Trying to get property of non-object in /Users/Stayyef/Dropbox/_websites_/lebanese_blogs/classes/BloggerDetails.class.php on line 47
[05-Apr-2014 10:41:17 Africa/Accra] PHP Stack trace:
[05-Apr-2014 10:41:17 Africa/Accra] PHP   1. {main}() /Users/Stayyef/Dropbox/_websites_/lebanese_blogs/contr_search.php:0
[05-Apr-2014 10:41:17 Africa/Accra] PHP   2. Render::drawFeaturedBlogger() /Users/Stayyef/Dropbox/_websites_/lebanese_blogs/contr_search.php:17
[05-Apr-2014 10:41:17 Africa/Accra] PHP   3. BloggerDetails->__construct() /Users/Stayyef/Dropbox/_websites_/lebanese_blogs/classes/Render.class.php:369
[05-Apr-2014 10:41:17 Africa/Accra] PHP   4. BloggerDetails->getBloggerDetails() /Users/Stayyef/Dropbox/_websites_/lebanese_blogs/classes/BloggerDetails.class.php:17
[05-Apr-2014 10:41:17 Africa/Accra] PHP Notice:  Undefined offset: 0 in /Users/Stayyef/Dropbox/_websites_/lebanese_blogs/classes/BloggerDetails.class.php on line 48
[05-Apr-2014 10:41:17 Africa/Accra] PHP Stack trace:
[05-Apr-2014 10:41:17 Africa/Accra] PHP   1. {main}() /Users/Stayyef/Dropbox/_websites_/lebanese_blogs/contr_search.php:0
[05-Apr-2014 10:41:17 Africa/Accra] PHP   2. Render::drawFeaturedBlogger() /Users/Stayyef/Dropbox/_websites_/lebanese_blogs/contr_search.php:17
[05-Apr-2014 10:41:17 Africa/Accra] PHP   3. BloggerDetails->__construct() /Users/Stayyef/Dropbox/_websites_/lebanese_blogs/classes/Render.class.php:369
[05-Apr-2014 10:41:17 Africa/Accra] PHP   4. BloggerDetails->getBloggerDetails() /Users/Stayyef/Dropbox/_websites_/lebanese_blogs/classes/BloggerDetails.class.php:17
[05-Apr-2014 10:41:17 Africa/Accra] PHP Notice:  Trying to get property of non-object in /Users/Stayyef/Dropbox/_websites_/lebanese_blogs/classes/BloggerDetails.class.php on line 48
[05-Apr-2014 10:41:17 Africa/Accra] PHP Stack trace:
[05-Apr-2014 10:41:17 Africa/Accra] PHP   1. {main}() /Users/Stayyef/Dropbox/_websites_/lebanese_blogs/contr_search.php:0
[05-Apr-2014 10:41:17 Africa/Accra] PHP   2. Render::drawFeaturedBlogger() /Users/Stayyef/Dropbox/_websites_/lebanese_blogs/contr_search.php:17
[05-Apr-2014 10:41:17 Africa/Accra] PHP   3. BloggerDetails->__construct() /Users/Stayyef/Dropbox/_websites_/lebanese_blogs/classes/Render.class.php:369
[05-Apr-2014 10:41:17 Africa/Accra] PHP   4. BloggerDetails->getBloggerDetails() /Users/Stayyef/Dropbox/_websites_/lebanese_blogs/classes/BloggerDetails.class.php:17
[05-Apr-2014 10:42:06 Africa/Accra] PHP Notice:  Undefined offset: 0 in /Users/Stayyef/Dropbox/_websites_/lebanese_blogs/classes/BloggerDetails.class.php on line 44
[05-Apr-2014 10:42:06 Africa/Accra] PHP Stack trace:
[05-Apr-2014 10:42:06 Africa/Accra] PHP   1. {main}() /Users/Stayyef/Dropbox/_websites_/lebanese_blogs/contr_search.php:0
[05-Apr-2014 10:42:06 Africa/Accra] PHP   2. Render::drawFeaturedBlogger() /Users/Stayyef/Dropbox/_websites_/lebanese_blogs/contr_search.php:17
[05-Apr-2014 10:42:06 Africa/Accra] PHP   3. BloggerDetails->__construct() /Users/Stayyef/Dropbox/_websites_/lebanese_blogs/classes/Render.class.php:369
[05-Apr-2014 10:42:06 Africa/Accra] PHP   4. BloggerDetails->getBloggerDetails() /Users/Stayyef/Dropbox/_websites_/lebanese_blogs/classes/BloggerDetails.class.php:17
[05-Apr-2014 10:42:06 Africa/Accra] PHP Notice:  Trying to get property of non-object in /Users/Stayyef/Dropbox/_websites_/lebanese_blogs/classes/BloggerDetails.class.php on line 44
[05-Apr-2014 10:42:06 Africa/Accra] PHP Stack trace:
[05-Apr-2014 10:42:06 Africa/Accra] PHP   1. {main}() /Users/Stayyef/Dropbox/_websites_/lebanese_blogs/contr_search.php:0
[05-Apr-2014 10:42:06 Africa/Accra] PHP   2. Render::drawFeaturedBlogger() /Users/Stayyef/Dropbox/_websites_/lebanese_blogs/contr_search.php:17
[05-Apr-2014 10:42:06 Africa/Accra] PHP   3. BloggerDetails->__construct() /Users/Stayyef/Dropbox/_websites_/lebanese_blogs/classes/Render.class.php:369
[05-Apr-2014 10:42:06 Africa/Accra] PHP   4. BloggerDetails->getBloggerDetails() /Users/Stayyef/Dropbox/_websites_/lebanese_blogs/classes/BloggerDetails.class.php:17
[05-Apr-2014 10:42:06 Africa/Accra] PHP Notice:  Undefined offset: 0 in /Users/Stayyef/Dropbox/_websites_/lebanese_blogs/classes/BloggerDetails.class.php on line 45
[05-Apr-2014 10:42:06 Africa/Accra] PHP Stack trace:
[05-Apr-2014 10:42:06 Africa/Accra] PHP   1. {main}() /Users/Stayyef/Dropbox/_websites_/lebanese_blogs/contr_search.php:0
[05-Apr-2014 10:42:06 Africa/Accra] PHP   2. Render::drawFeaturedBlogger() /Users/Stayyef/Dropbox/_websites_/lebanese_blogs/contr_search.php:17
[05-Apr-2014 10:42:06 Africa/Accra] PHP   3. BloggerDetails->__construct() /Users/Stayyef/Dropbox/_websites_/lebanese_blogs/classes/Render.class.php:369
[05-Apr-2014 10:42:06 Africa/Accra] PHP   4. BloggerDetails->getBloggerDetails() /Users/Stayyef/Dropbox/_websites_/lebanese_blogs/classes/BloggerDetails.class.php:17
[05-Apr-2014 10:42:06 Africa/Accra] PHP Notice:  Trying to get property of non-object in /Users/Stayyef/Dropbox/_websites_/lebanese_blogs/classes/BloggerDetails.class.php on line 45
[05-Apr-2014 10:42:06 Africa/Accra] PHP Stack trace:
[05-Apr-2014 10:42:06 Africa/Accra] PHP   1. {main}() /Users/Stayyef/Dropbox/_websites_/lebanese_blogs/contr_search.php:0
[05-Apr-2014 10:42:06 Africa/Accra] PHP   2. Render::drawFeaturedBlogger() /Users/Stayyef/Dropbox/_websites_/lebanese_blogs/contr_search.php:17
[05-Apr-2014 10:42:06 Africa/Accra] PHP   3. BloggerDetails->__construct() /Users/Stayyef/Dropbox/_websites_/lebanese_blogs/classes/Render.class.php:369
[05-Apr-2014 10:42:06 Africa/Accra] PHP   4. BloggerDetails->getBloggerDetails() /Users/Stayyef/Dropbox/_websites_/lebanese_blogs/classes/BloggerDetails.class.php:17
[05-Apr-2014 10:42:06 Africa/Accra] PHP Notice:  Undefined offset: 0 in /Users/Stayyef/Dropbox/_websites_/lebanese_blogs/classes/BloggerDetails.class.php on line 46
[05-Apr-2014 10:42:06 Africa/Accra] PHP Stack trace:
[05-Apr-2014 10:42:06 Africa/Accra] PHP   1. {main}() /Users/Stayyef/Dropbox/_websites_/lebanese_blogs/contr_search.php:0
[05-Apr-2014 10:42:06 Africa/Accra] PHP   2. Render::drawFeaturedBlogger() /Users/Stayyef/Dropbox/_websites_/lebanese_blogs/contr_search.php:17
[05-Apr-2014 10:42:06 Africa/Accra] PHP   3. BloggerDetails->__construct() /Users/Stayyef/Dropbox/_websites_/lebanese_blogs/classes/Render.class.php:369
[05-Apr-2014 10:42:06 Africa/Accra] PHP   4. BloggerDetails->getBloggerDetails() /Users/Stayyef/Dropbox/_websites_/lebanese_blogs/classes/BloggerDetails.class.php:17
[05-Apr-2014 10:42:06 Africa/Accra] PHP Notice:  Trying to get property of non-object in /Users/Stayyef/Dropbox/_websites_/lebanese_blogs/classes/BloggerDetails.class.php on line 46
[05-Apr-2014 10:42:06 Africa/Accra] PHP Stack trace:
[05-Apr-2014 10:42:06 Africa/Accra] PHP   1. {main}() /Users/Stayyef/Dropbox/_websites_/lebanese_blogs/contr_search.php:0
[05-Apr-2014 10:42:06 Africa/Accra] PHP   2. Render::drawFeaturedBlogger() /Users/Stayyef/Dropbox/_websites_/lebanese_blogs/contr_search.php:17
[05-Apr-2014 10:42:06 Africa/Accra] PHP   3. BloggerDetails->__construct() /Users/Stayyef/Dropbox/_websites_/lebanese_blogs/classes/Render.class.php:369
[05-Apr-2014 10:42:06 Africa/Accra] PHP   4. BloggerDetails->getBloggerDetails() /Users/Stayyef/Dropbox/_websites_/lebanese_blogs/classes/BloggerDetails.class.php:17
[05-Apr-2014 10:42:06 Africa/Accra] PHP Notice:  Undefined offset: 0 in /Users/Stayyef/Dropbox/_websites_/lebanese_blogs/classes/BloggerDetails.class.php on line 47
[05-Apr-2014 10:42:06 Africa/Accra] PHP Stack trace:
[05-Apr-2014 10:42:06 Africa/Accra] PHP   1. {main}() /Users/Stayyef/Dropbox/_websites_/lebanese_blogs/contr_search.php:0
[05-Apr-2014 10:42:06 Africa/Accra] PHP   2. Render::drawFeaturedBlogger() /Users/Stayyef/Dropbox/_websites_/lebanese_blogs/contr_search.php:17
[05-Apr-2014 10:42:06 Africa/Accra] PHP   3. BloggerDetails->__construct() /Users/Stayyef/Dropbox/_websites_/lebanese_blogs/classes/Render.class.php:369
[05-Apr-2014 10:42:06 Africa/Accra] PHP   4. BloggerDetails->getBloggerDetails() /Users/Stayyef/Dropbox/_websites_/lebanese_blogs/classes/BloggerDetails.class.php:17
[05-Apr-2014 10:42:06 Africa/Accra] PHP Notice:  Trying to get property of non-object in /Users/Stayyef/Dropbox/_websites_/lebanese_blogs/classes/BloggerDetails.class.php on line 47
[05-Apr-2014 10:42:06 Africa/Accra] PHP Stack trace:
[05-Apr-2014 10:42:06 Africa/Accra] PHP   1. {main}() /Users/Stayyef/Dropbox/_websites_/lebanese_blogs/contr_search.php:0
[05-Apr-2014 10:42:06 Africa/Accra] PHP   2. Render::drawFeaturedBlogger() /Users/Stayyef/Dropbox/_websites_/lebanese_blogs/contr_search.php:17
[05-Apr-2014 10:42:06 Africa/Accra] PHP   3. BloggerDetails->__construct() /Users/Stayyef/Dropbox/_websites_/lebanese_blogs/classes/Render.class.php:369
[05-Apr-2014 10:42:06 Africa/Accra] PHP   4. BloggerDetails->getBloggerDetails() /Users/Stayyef/Dropbox/_websites_/lebanese_blogs/classes/BloggerDetails.class.php:17
[05-Apr-2014 10:42:06 Africa/Accra] PHP Notice:  Undefined offset: 0 in /Users/Stayyef/Dropbox/_websites_/lebanese_blogs/classes/BloggerDetails.class.php on line 48
[05-Apr-2014 10:42:06 Africa/Accra] PHP Stack trace:
[05-Apr-2014 10:42:06 Africa/Accra] PHP   1. {main}() /Users/Stayyef/Dropbox/_websites_/lebanese_blogs/contr_search.php:0
[05-Apr-2014 10:42:06 Africa/Accra] PHP   2. Render::drawFeaturedBlogger() /Users/Stayyef/Dropbox/_websites_/lebanese_blogs/contr_search.php:17
[05-Apr-2014 10:42:06 Africa/Accra] PHP   3. BloggerDetails->__construct() /Users/Stayyef/Dropbox/_websites_/lebanese_blogs/classes/Render.class.php:369
[05-Apr-2014 10:42:06 Africa/Accra] PHP   4. BloggerDetails->getBloggerDetails() /Users/Stayyef/Dropbox/_websites_/lebanese_blogs/classes/BloggerDetails.class.php:17
[05-Apr-2014 10:42:06 Africa/Accra] PHP Notice:  Trying to get property of non-object in /Users/Stayyef/Dropbox/_websites_/lebanese_blogs/classes/BloggerDetails.class.php on line 48
[05-Apr-2014 10:42:06 Africa/Accra] PHP Stack trace:
[05-Apr-2014 10:42:06 Africa/Accra] PHP   1. {main}() /Users/Stayyef/Dropbox/_websites_/lebanese_blogs/contr_search.php:0
[05-Apr-2014 10:42:06 Africa/Accra] PHP   2. Render::drawFeaturedBlogger() /Users/Stayyef/Dropbox/_websites_/lebanese_blogs/contr_search.php:17
[05-Apr-2014 10:42:06 Africa/Accra] PHP   3. BloggerDetails->__construct() /Users/Stayyef/Dropbox/_websites_/lebanese_blogs/classes/Render.class.php:369
[05-Apr-2014 10:42:06 Africa/Accra] PHP   4. BloggerDetails->getBloggerDetails() /Users/Stayyef/Dropbox/_websites_/lebanese_blogs/classes/BloggerDetails.class.php:17
